2024-04-23T10:18:39.021Z error: Create Token () threw an exception : {
  "message": "Request failed with status code 400",
  "name": "AxiosError",
  "stack": "AxiosError: Request failed with status code 400\n    at settle (/Users/usman/Documents/Projects/apifuse/node_modules/axios/dist/node/axios.cjs:1966:12)\n    at IncomingMessage.handleStreamEnd (/Users/usman/Documents/Projects/apifuse/node_modules/axios/dist/node/axios.cjs:3065:11)\n    at IncomingMessage.emit (node:events:525:35)\n    at endReadableNT (node:internal/streams/readable:1358:12)\n    at processTicksAndRejections (node:internal/process/task_queues:83:21)\n    at Axios.request (/Users/usman/Documents/Projects/apifuse/node_modules/axios/dist/node/axios.cjs:3876:41)\n    at processTicksAndRejections (node:internal/process/task_queues:96:5)",
  "config": {
    "transitional": {
      "silentJSONParsing": true,
      "forcedJSONParsing": true,
      "clarifyTimeoutError": false
    },
    "adapter": [
      "xhr",
      "http"
    ],
    "transformRequest": [
      null
    ],
    "transformResponse": [
      null
    ],
    "timeout": 0,
    "xsrfCookieName": "XSRF-TOKEN",
    "xsrfHeaderName": "X-XSRF-TOKEN",
    "maxContentLength": -1,
    "maxBodyLength": -1,
    "env": {
      "Blob": null
    },
    "headers": {
      "Accept": "application/json",
      "Content-Type": "application/x-www-form-urlencoded",
      "Authorization": "Basic QUJvbjFiVE1PU2VTTUtaSXdKUmxnQzVDMHhsZkJlM050dEFwN1NDOFRISGN6Zmt1Vkc6RzIxWHR6ZnNnemZFNzl0S1JFUGtxM2ppc0pLcGR0VDBjNWU5NmVKdQ==",
      "User-Agent": "Intuit-OAuthClient-JS_4.1.2_Darwin_22.1.0_darwin",
      "Accept-Encoding": "gzip, compress, deflate, br"
    },
    "url": "https://oauth.platform.intuit.com/oauth2/v1/tokens/bearer",
    "data": "",
    "method": "post"
  },
  "code": "ERR_BAD_REQUEST",
  "status": 400
}
2024-04-23T10:18:45.036Z error: Create Token () threw an exception : {
  "message": "Request failed with status code 400",
  "name": "AxiosError",
  "stack": "AxiosError: Request failed with status code 400\n    at settle (/Users/usman/Documents/Projects/apifuse/node_modules/axios/dist/node/axios.cjs:1966:12)\n    at IncomingMessage.handleStreamEnd (/Users/usman/Documents/Projects/apifuse/node_modules/axios/dist/node/axios.cjs:3065:11)\n    at IncomingMessage.emit (node:events:525:35)\n    at endReadableNT (node:internal/streams/readable:1358:12)\n    at processTicksAndRejections (node:internal/process/task_queues:83:21)\n    at Axios.request (/Users/usman/Documents/Projects/apifuse/node_modules/axios/dist/node/axios.cjs:3876:41)\n    at processTicksAndRejections (node:internal/process/task_queues:96:5)\n    at async /Users/usman/Documents/Projects/apifuse/lib/quickbooks.js:14:16",
  "config": {
    "transitional": {
      "silentJSONParsing": true,
      "forcedJSONParsing": true,
      "clarifyTimeoutError": false
    },
    "adapter": [
      "xhr",
      "http"
    ],
    "transformRequest": [
      null
    ],
    "transformResponse": [
      null
    ],
    "timeout": 0,
    "xsrfCookieName": "XSRF-TOKEN",
    "xsrfHeaderName": "X-XSRF-TOKEN",
    "maxContentLength": -1,
    "maxBodyLength": -1,
    "env": {
      "Blob": null
    },
    "headers": {
      "Accept": "application/json",
      "Content-Type": "application/x-www-form-urlencoded",
      "Authorization": "Basic QUJvbjFiVE1PU2VTTUtaSXdKUmxnQzVDMHhsZkJlM050dEFwN1NDOFRISGN6Zmt1Vkc6RzIxWHR6ZnNnemZFNzl0S1JFUGtxM2ppc0pLcGR0VDBjNWU5NmVKdQ==",
      "User-Agent": "Intuit-OAuthClient-JS_4.1.2_Darwin_22.1.0_darwin",
      "Accept-Encoding": "gzip, compress, deflate, br"
    },
    "url": "https://oauth.platform.intuit.com/oauth2/v1/tokens/bearer",
    "data": "",
    "method": "post"
  },
  "code": "ERR_BAD_REQUEST",
  "status": 400
}
2024-04-23T10:19:41.133Z error: Create Token () threw an exception : {
  "message": "Request failed with status code 400",
  "name": "AxiosError",
  "stack": "AxiosError: Request failed with status code 400\n    at settle (/Users/usman/Documents/Projects/apifuse/node_modules/axios/dist/node/axios.cjs:1966:12)\n    at IncomingMessage.handleStreamEnd (/Users/usman/Documents/Projects/apifuse/node_modules/axios/dist/node/axios.cjs:3065:11)\n    at IncomingMessage.emit (node:events:525:35)\n    at endReadableNT (node:internal/streams/readable:1358:12)\n    at processTicksAndRejections (node:internal/process/task_queues:83:21)\n    at Axios.request (/Users/usman/Documents/Projects/apifuse/node_modules/axios/dist/node/axios.cjs:3876:41)\n    at processTicksAndRejections (node:internal/process/task_queues:96:5)\n    at async /Users/usman/Documents/Projects/apifuse/lib/quickbooks.js:14:16",
  "config": {
    "transitional": {
      "silentJSONParsing": true,
      "forcedJSONParsing": true,
      "clarifyTimeoutError": false
    },
    "adapter": [
      "xhr",
      "http"
    ],
    "transformRequest": [
      null
    ],
    "transformResponse": [
      null
    ],
    "timeout": 0,
    "xsrfCookieName": "XSRF-TOKEN",
    "xsrfHeaderName": "X-XSRF-TOKEN",
    "maxContentLength": -1,
    "maxBodyLength": -1,
    "env": {
      "Blob": null
    },
    "headers": {
      "Accept": "application/json",
      "Content-Type": "application/x-www-form-urlencoded",
      "Authorization": "Basic QUJvbjFiVE1PU2VTTUtaSXdKUmxnQzVDMHhsZkJlM050dEFwN1NDOFRISGN6Zmt1Vkc6RzIxWHR6ZnNnemZFNzl0S1JFUGtxM2ppc0pLcGR0VDBjNWU5NmVKdQ==",
      "User-Agent": "Intuit-OAuthClient-JS_4.1.2_Darwin_22.1.0_darwin",
      "Accept-Encoding": "gzip, compress, deflate, br"
    },
    "url": "https://oauth.platform.intuit.com/oauth2/v1/tokens/bearer",
    "data": "",
    "method": "post"
  },
  "code": "ERR_BAD_REQUEST",
  "status": 400
}
2024-04-23T10:20:53.217Z error: Create Token () threw an exception : {
  "message": "Request failed with status code 400",
  "name": "AxiosError",
  "stack": "AxiosError: Request failed with status code 400\n    at settle (/Users/usman/Documents/Projects/apifuse/node_modules/axios/dist/node/axios.cjs:1966:12)\n    at IncomingMessage.handleStreamEnd (/Users/usman/Documents/Projects/apifuse/node_modules/axios/dist/node/axios.cjs:3065:11)\n    at IncomingMessage.emit (node:events:525:35)\n    at endReadableNT (node:internal/streams/readable:1358:12)\n    at processTicksAndRejections (node:internal/process/task_queues:83:21)\n    at Axios.request (/Users/usman/Documents/Projects/apifuse/node_modules/axios/dist/node/axios.cjs:3876:41)\n    at processTicksAndRejections (node:internal/process/task_queues:96:5)\n    at async /Users/usman/Documents/Projects/apifuse/lib/quickbooks.js:14:16",
  "config": {
    "transitional": {
      "silentJSONParsing": true,
      "forcedJSONParsing": true,
      "clarifyTimeoutError": false
    },
    "adapter": [
      "xhr",
      "http"
    ],
    "transformRequest": [
      null
    ],
    "transformResponse": [
      null
    ],
    "timeout": 0,
    "xsrfCookieName": "XSRF-TOKEN",
    "xsrfHeaderName": "X-XSRF-TOKEN",
    "maxContentLength": -1,
    "maxBodyLength": -1,
    "env": {
      "Blob": null
    },
    "headers": {
      "Accept": "application/json",
      "Content-Type": "application/x-www-form-urlencoded",
      "Authorization": "Basic QUJvbjFiVE1PU2VTTUtaSXdKUmxnQzVDMHhsZkJlM050dEFwN1NDOFRISGN6Zmt1Vkc6RzIxWHR6ZnNnemZFNzl0S1JFUGtxM2ppc0pLcGR0VDBjNWU5NmVKdQ==",
      "User-Agent": "Intuit-OAuthClient-JS_4.1.2_Darwin_22.1.0_darwin",
      "Accept-Encoding": "gzip, compress, deflate, br"
    },
    "url": "https://oauth.platform.intuit.com/oauth2/v1/tokens/bearer",
    "data": "",
    "method": "post"
  },
  "code": "ERR_BAD_REQUEST",
  "status": 400
}
2024-04-23T10:22:30.489Z error: Create Token () threw an exception : {
  "message": "Request failed with status code 400",
  "name": "AxiosError",
  "stack": "AxiosError: Request failed with status code 400\n    at settle (/Users/usman/Documents/Projects/apifuse/node_modules/axios/dist/node/axios.cjs:1966:12)\n    at IncomingMessage.handleStreamEnd (/Users/usman/Documents/Projects/apifuse/node_modules/axios/dist/node/axios.cjs:3065:11)\n    at IncomingMessage.emit (node:events:525:35)\n    at endReadableNT (node:internal/streams/readable:1358:12)\n    at processTicksAndRejections (node:internal/process/task_queues:83:21)\n    at Axios.request (/Users/usman/Documents/Projects/apifuse/node_modules/axios/dist/node/axios.cjs:3876:41)\n    at processTicksAndRejections (node:internal/process/task_queues:96:5)\n    at async /Users/usman/Documents/Projects/apifuse/lib/quickbooks.js:15:18",
  "config": {
    "transitional": {
      "silentJSONParsing": true,
      "forcedJSONParsing": true,
      "clarifyTimeoutError": false
    },
    "adapter": [
      "xhr",
      "http"
    ],
    "transformRequest": [
      null
    ],
    "transformResponse": [
      null
    ],
    "timeout": 0,
    "xsrfCookieName": "XSRF-TOKEN",
    "xsrfHeaderName": "X-XSRF-TOKEN",
    "maxContentLength": -1,
    "maxBodyLength": -1,
    "env": {
      "Blob": null
    },
    "headers": {
      "Accept": "application/json",
      "Content-Type": "application/x-www-form-urlencoded",
      "Authorization": "Basic QUJvbjFiVE1PU2VTTUtaSXdKUmxnQzVDMHhsZkJlM050dEFwN1NDOFRISGN6Zmt1Vkc6RzIxWHR6ZnNnemZFNzl0S1JFUGtxM2ppc0pLcGR0VDBjNWU5NmVKdQ==",
      "User-Agent": "Intuit-OAuthClient-JS_4.1.2_Darwin_22.1.0_darwin",
      "Accept-Encoding": "gzip, compress, deflate, br"
    },
    "url": "https://oauth.platform.intuit.com/oauth2/v1/tokens/bearer",
    "data": "",
    "method": "post"
  },
  "code": "ERR_BAD_REQUEST",
  "status": 400
}
2024-04-23T10:31:32.725Z error: Create Token () threw an exception : {
  "message": "Request failed with status code 400",
  "name": "AxiosError",
  "stack": "AxiosError: Request failed with status code 400\n    at settle (/Users/usman/Documents/Projects/apifuse/node_modules/axios/dist/node/axios.cjs:1966:12)\n    at IncomingMessage.handleStreamEnd (/Users/usman/Documents/Projects/apifuse/node_modules/axios/dist/node/axios.cjs:3065:11)\n    at IncomingMessage.emit (node:events:525:35)\n    at endReadableNT (node:internal/streams/readable:1358:12)\n    at processTicksAndRejections (node:internal/process/task_queues:83:21)\n    at Axios.request (/Users/usman/Documents/Projects/apifuse/node_modules/axios/dist/node/axios.cjs:3876:41)\n    at processTicksAndRejections (node:internal/process/task_queues:96:5)\n    at async /Users/usman/Documents/Projects/apifuse/lib/quickbooks.js:15:18",
  "config": {
    "transitional": {
      "silentJSONParsing": true,
      "forcedJSONParsing": true,
      "clarifyTimeoutError": false
    },
    "adapter": [
      "xhr",
      "http"
    ],
    "transformRequest": [
      null
    ],
    "transformResponse": [
      null
    ],
    "timeout": 0,
    "xsrfCookieName": "XSRF-TOKEN",
    "xsrfHeaderName": "X-XSRF-TOKEN",
    "maxContentLength": -1,
    "maxBodyLength": -1,
    "env": {
      "Blob": null
    },
    "headers": {
      "Accept": "application/json",
      "Content-Type": "application/x-www-form-urlencoded",
      "Authorization": "Basic QUJvbjFiVE1PU2VTTUtaSXdKUmxnQzVDMHhsZkJlM050dEFwN1NDOFRISGN6Zmt1Vkc6RzIxWHR6ZnNnemZFNzl0S1JFUGtxM2ppc0pLcGR0VDBjNWU5NmVKdQ==",
      "User-Agent": "Intuit-OAuthClient-JS_4.1.2_Darwin_22.1.0_darwin",
      "Accept-Encoding": "gzip, compress, deflate, br"
    },
    "url": "https://oauth.platform.intuit.com/oauth2/v1/tokens/bearer",
    "data": "",
    "method": "post"
  },
  "code": "ERR_BAD_REQUEST",
  "status": 400
}
2024-04-23T10:32:43.873Z error: Create Token () threw an exception : {
  "message": "Request failed with status code 400",
  "name": "AxiosError",
  "stack": "AxiosError: Request failed with status code 400\n    at settle (/Users/usman/Documents/Projects/apifuse/node_modules/axios/dist/node/axios.cjs:1966:12)\n    at IncomingMessage.handleStreamEnd (/Users/usman/Documents/Projects/apifuse/node_modules/axios/dist/node/axios.cjs:3065:11)\n    at IncomingMessage.emit (node:events:525:35)\n    at endReadableNT (node:internal/streams/readable:1358:12)\n    at processTicksAndRejections (node:internal/process/task_queues:83:21)\n    at Axios.request (/Users/usman/Documents/Projects/apifuse/node_modules/axios/dist/node/axios.cjs:3876:41)\n    at processTicksAndRejections (node:internal/process/task_queues:96:5)\n    at async /Users/usman/Documents/Projects/apifuse/lib/quickbooks.js:15:18",
  "config": {
    "transitional": {
      "silentJSONParsing": true,
      "forcedJSONParsing": true,
      "clarifyTimeoutError": false
    },
    "adapter": [
      "xhr",
      "http"
    ],
    "transformRequest": [
      null
    ],
    "transformResponse": [
      null
    ],
    "timeout": 0,
    "xsrfCookieName": "XSRF-TOKEN",
    "xsrfHeaderName": "X-XSRF-TOKEN",
    "maxContentLength": -1,
    "maxBodyLength": -1,
    "env": {
      "Blob": null
    },
    "headers": {
      "Accept": "application/json",
      "Content-Type": "application/x-www-form-urlencoded",
      "Authorization": "Basic QUJvbjFiVE1PU2VTTUtaSXdKUmxnQzVDMHhsZkJlM050dEFwN1NDOFRISGN6Zmt1Vkc6RzIxWHR6ZnNnemZFNzl0S1JFUGtxM2ppc0pLcGR0VDBjNWU5NmVKdQ==",
      "User-Agent": "Intuit-OAuthClient-JS_4.1.2_Darwin_22.1.0_darwin",
      "Content-Length": "139",
      "Accept-Encoding": "gzip, compress, deflate, br"
    },
    "url": "https://oauth.platform.intuit.com/oauth2/v1/tokens/bearer",
    "data": "grant_type=authorization_code&code=AB11713868516jZ2Zilzn2AvLTdT3MO350pjZ4YzJorgHTFYaZ&redirect_uri=http%3A%2F%2Flocalhost%3A3000%2Fcallback",
    "method": "post"
  },
  "code": "ERR_BAD_REQUEST",
  "status": 400
}
